[    0.000000] Initializing cgroup subsys cpuset
[    0.000000] Initializing cgroup subsys cpu
[    0.000000] Initializing cgroup subsys cpuacct
[    0.000000] Linux version 4.4.0-141-generic (buildd@lcy01-amd64-027) (gcc version 5.4.0 20160609 (Ubuntu 5.4.0-6ubuntu1~16.04.10) ) #167-Ubuntu SMP Wed Dec 5 10:38:08 UTC 2018 (Ubuntu 4.4.0-141.167-generic 4.4.162)
[    0.000000] KERNEL supported cpus:
[    0.000000]   Intel GenuineIntel
[    0.000000]   AMD AuthenticAMD
[    0.000000]   NSC Geode by NSC
[    0.000000]   Cyrix CyrixInstead
[    0.000000]   Centaur CentaurHauls
[    0.000000]   Transmeta GenuineTMx86
[    0.000000]   Transmeta TransmetaCPU
[    0.000000]   UMC UMC UMC UMC
[    0.000000] x86/fpu: xstate_offset[2]:  576, xstate_sizes[2]:  256
[    0.000000] x86/fpu: Supporting XSAVE feature 0x01: 'x87 floating point registers'
[    0.000000] x86/fpu: Supporting XSAVE feature 0x02: 'SSE registers'
[    0.000000] x86/fpu: Supporting XSAVE feature 0x04: 'AVX registers'
[    0.000000] x86/fpu: Enabled xstate features 0x7, context size is 832 bytes, using 'standard' format.
[    0.000000] e820: BIOS-provided physical RAM map:
[    0.000000] BIOS-e820: [mem 0x0000000000000000-0x000000000009fbff] usable
[    0.000000] BIOS-e820: [mem 0x000000000009fc00-0x000000000009ffff] reserved
[    0.000000] BIOS-e820: [mem 0x00000000000f0000-0x00000000000fffff] reserved
[    0.000000] BIOS-e820: [mem 0x0000000000100000-0x000000001ffeffff] usable
[    0.000000] BIOS-e820: [mem 0x000000001fff0000-0x000000001fffffff] ACPI data
[    0.000000] BIOS-e820: [mem 0x00000000fec00000-0x00000000fec00fff] reserved
[    0.000000] BIOS-e820: [mem 0x00000000fee00000-0x00000000fee00fff] reserved
[    0.000000] BIOS-e820: [mem 0x00000000fffc0000-0x00000000ffffffff] reserved
[    0.000000] NX (Execute Disable) protection: active
[    0.000000] SMBIOS 2.5 present.
[    0.000000] Hypervisor detected: KVM
[    0.000000] e820: last_pfn = 0x1fff0 max_arch_pfn = 0x1000000
[    0.000000] MTRR: Disabled
[    0.000000] x86/PAT: MTRRs disabled, skipping PAT initialization too.
[    0.000000] CPU MTRRs all blank - virtualized system.
[    0.000000] x86/PAT: Configuration [0-7]: WB  WT  UC- UC  WB  WT  UC- UC  
[    0.000000] found SMP MP-table at [mem 0x0009fff0-0x0009ffff] mapped at [c009fff0]
[    0.000000] Scanning 1 areas for low memory corruption
[    0.000000] RAMDISK: [mem 0x1e98d000-0x1f7f7fff]
[    0.000000] ACPI: Early table checksum verification disabled
[    0.000000] ACPI: RSDP 0x00000000000E0000 000024 (v02 VBOX  )
[    0.000000] ACPI: XSDT 0x000000001FFF0030 00003C (v01 VBOX   VBOXXSDT 00000001 ASL  00000061)
[    0.000000] ACPI: FACP 0x000000001FFF00F0 0000F4 (v04 VBOX   VBOXFACP 00000001 ASL  00000061)
[    0.000000] ACPI: DSDT 0x000000001FFF0470 0021FF (v02 VBOX   VBOXBIOS 00000002 INTL 20100528)
[    0.000000] ACPI: FACS 0x000000001FFF0200 000040
[    0.000000] ACPI: FACS 0x000000001FFF0200 000040
[    0.000000] ACPI: APIC 0x000000001FFF0240 000054 (v02 VBOX   VBOXAPIC 00000001 ASL  00000061)
[    0.000000] ACPI: SSDT 0x000000001FFF02A0 0001CC (v01 VBOX   VBOXCPUT 00000002 INTL 20100528)
[    0.000000] 0MB HIGHMEM available.
[    0.000000] 511MB LOWMEM available.
[    0.000000]   mapped low ram: 0 - 1fff0000
[    0.000000]   low ram: 0 - 1fff0000
[    0.000000] kvm-clock: Using msrs 4b564d01 and 4b564d00
[    0.000000] kvm-clock: cpu 0, msr 0:1ffef001, primary cpu clock
[    0.000000] kvm-clock: using sched offset of 5379677760 cycles
[    0.000000] clocksource: kvm-clock: mask: 0xffffffffffffffff max_cycles: 0x1cd42e4dffb, max_idle_ns: 881590591483 ns
[    0.000000] Zone ranges:
[    0.000000]   DMA      [mem 0x0000000000001000-0x0000000000ffffff]
[    0.000000]   Normal   [mem 0x0000000001000000-0x000000001ffeffff]
[    0.000000]   HighMem  empty
[    0.000000] Movable zone start for each node
[    0.000000] Early memory node ranges
[    0.000000]   node   0: [mem 0x0000000000001000-0x000000000009efff]
[    0.000000]   node   0: [mem 0x0000000000100000-0x000000001ffeffff]
[    0.000000] Initmem setup node 0 [mem 0x0000000000001000-0x000000001ffeffff]
[    0.000000] Using APIC driver default
[    0.000000] ACPI: PM-Timer IO Port: 0x4008
[    0.000000] IOAPIC[0]: apic_id 1, version 32, address 0xfec00000, GSI 0-23
[    0.000000] ACPI: INT_SRC_OVR (bus 0 bus_irq 0 global_irq 2 dfl dfl)
[    0.000000] ACPI: INT_SRC_OVR (bus 0 bus_irq 9 global_irq 9 low level)
[    0.000000] Using ACPI (MADT) for SMP configuration information
[    0.000000] smpboot: Allowing 1 CPUs, 0 hotplug CPUs
[    0.000000] PM: Registered nosave memory: [mem 0x00000000-0x00000fff]
[    0.000000] PM: Registered nosave memory: [mem 0x0009f000-0x0009ffff]
[    0.000000] PM: Registered nosave memory: [mem 0x000a0000-0x000effff]
[    0.000000] PM: Registered nosave memory: [mem 0x000f0000-0x000fffff]
[    0.000000] e820: [mem 0x20000000-0xfebfffff] available for PCI devices
[    0.000000] Booting paravirtualized kernel on KVM
[    0.000000] clocksource: refined-jiffies: mask: 0xffffffff max_cycles: 0xffffffff, max_idle_ns: 7645519600211568 ns
[    0.000000] setup_percpu: NR_CPUS:8 nr_cpumask_bits:8 nr_cpu_ids:1 nr_node_ids:1
[    0.000000] PERCPU: Embedded 19 pages/cpu @dfac1000 s47436 r0 d30388 u77824
[    0.000000] PV qspinlock hash table entries: 512 (order: 0, 4096 bytes)
[    0.000000] Built 1 zonelists in Zone order, mobility grouping on.  Total pages: 129678
[    0.000000] Kernel command line: BOOT_IMAGE=/boot/vmlinuz-4.4.0-141-generic root=UUID=0602141e-14ef-49e0-a60f-a41c69e3ea6a ro console=tty1 console=ttyS0
[    0.000000] PID hash table entries: 2048 (order: 1, 8192 bytes)
[    0.000000] Dentry cache hash table entries: 65536 (order: 6, 262144 bytes)
[    0.000000] Inode-cache hash table entries: 32768 (order: 5, 131072 bytes)
[    0.000000] Initializing CPU#0
[    0.000000] Initializing HighMem for node 0 (00000000:00000000)
[    0.000000] Memory: 489392K/523832K available (8052K kernel code, 778K rwdata, 3180K rodata, 952K init, 800K bss, 34440K reserved, 0K cma-reserved, 0K highmem)
[    0.000000] virtual kernel memory layout:
[    0.000000]     fixmap  : 0xfff15000 - 0xfffff000   ( 936 kB)
[    0.000000]     pkmap   : 0xffc00000 - 0xffe00000   (2048 kB)
[    0.000000]     vmalloc : 0xe07f0000 - 0xffbfe000   ( 500 MB)
[    0.000000]     lowmem  : 0xc0000000 - 0xdfff0000   ( 511 MB)
[    0.000000]       .init : 0xc1bbe000 - 0xc1cac000   ( 952 kB)
[    0.000000]       .data : 0xc17dd3c4 - 0xc1bbc9c0   (3965 kB)
[    0.000000]       .text : 0xc1000000 - 0xc17dd3c4   (8052 kB)
[    0.000000] Checking if this processor honours the WP bit even in supervisor mode...Ok.
[    0.000000] SLUB: HWalign=64, Order=0-3, MinObjects=0, CPUs=1, Nodes=1
[    0.000000] Hierarchical RCU implementation.
[    0.000000] 	Build-time adjustment of leaf fanout to 32.
[    0.000000] 	RCU restricting CPUs from NR_CPUS=8 to nr_cpu_ids=1.
[    0.000000] RCU: Adjusting geometry for rcu_fanout_leaf=32, nr_cpu_ids=1
[    0.000000] NR_IRQS:2304 nr_irqs:256 16
[    0.000000] Console: colour VGA+ 80x25
[    0.000000] console [tty1] enabled
[    0.000000] console [ttyS0] enabled
[    0.000000] allocated 524288 bytes of page_ext
[    0.000000] tsc: Detected 2904.000 MHz processor
[    0.154236] Calibrating delay loop (skipped) preset value.. 5808.00 BogoMIPS (lpj=11616000)
[    0.155832] pid_max: default: 32768 minimum: 301
[    0.156691] ACPI: Core revision 20150930
[    0.158393] ACPI: 2 ACPI AML tables successfully acquired and loaded
[    0.159529] Security Framework initialized
[    0.160242] Yama: becoming mindful.
[    0.160972] AppArmor: AppArmor initialized
[    0.161789] Mount-cache hash table entries: 1024 (order: 0, 4096 bytes)
[    0.162845] Mountpoint-cache hash table entries: 1024 (order: 0, 4096 bytes)
[    0.164056] Initializing cgroup subsys io
[    0.164764] Initializing cgroup subsys memory
[    0.165549] Initializing cgroup subsys devices
[    0.166353] Initializing cgroup subsys freezer
[    0.167112] Initializing cgroup subsys net_cls
[    0.167869] Initializing cgroup subsys perf_event
[    0.168679] Initializing cgroup subsys net_prio
[    0.169531] Initializing cgroup subsys hugetlb
[    0.170390] Initializing cgroup subsys pids
[    0.173319] mce: CPU supports 0 MCE banks
[    0.174178] process: using mwait in idle threads
[    0.175047] Last level iTLB entries: 4KB 64, 2MB 8, 4MB 8
[    0.175986] Last level dTLB entries: 4KB 64, 2MB 0, 4MB 0, 1GB 4
[    0.177018] Spectre V2 : Mitigation: Full generic retpoline
[    0.177994] Spectre V2 : Spectre v2 mitigation: Speculation control IBPB not-supported IBRS not-supported
[    0.179518] Spectre V2 : Spectre v2 / SpectreRSB mitigation: Filling RSB on context switch
[    0.181326] Speculative Store Bypass: Vulnerable
[    0.199155] Freeing SMP alternatives memory: 32K
[    0.208341] ftrace: allocating 31566 entries in 62 pages
[    0.262732] smpboot: APIC(0) Converting physical 0 to logical package 0
[    0.263895] smpboot: Max logical packages: 1
[    0.264715] Enabling APIC mode:  Flat.  Using 1 I/O APICs
[    0.266924] ..TIMER: vector=0x30 apic1=0 pin1=2 apic2=-1 pin2=-1
[    0.374012] smpboot: CPU0: Intel(R) Core(TM) i7-7500U CPU @ 2.70GHz (family: 0x6, model: 0x8e, stepping: 0x9)
[    0.376048] Performance Events: unsupported p6 CPU model 142 no PMU driver, software events only.
[    0.377807] KVM setup paravirtual spinlock
[    0.379364] x86: Booted up 1 node, 1 CPUs
[    0.380159] smpboot: Total of 1 processors activated (5808.00 BogoMIPS)
[    0.381545] devtmpfs: initialized
[    0.382420] evm: security.selinux
[    0.383138] evm: security.SMACK64
[    0.383863] evm: security.SMACK64EXEC
[    0.384637] evm: security.SMACK64TRANSMUTE
[    0.385401] evm: security.SMACK64MMAP
[    0.386147] evm: security.ima
[    0.386787] evm: security.capability
[    0.387684] clocksource: jiffies: mask: 0xffffffff max_cycles: 0xffffffff, max_idle_ns: 7645041785100000 ns
[    0.389411] futex hash table entries: 256 (order: 2, 16384 bytes)
[    0.399414] pinctrl core: initialized pinctrl subsystem
[    0.400466] RTC time: 19:37:24, date: 01/02/19
[    0.401431] NET: Registered protocol family 16
[    0.402490] EISA bus registered
[    0.403177] cpuidle: using governor ladder
[    0.403964] cpuidle: using governor menu
[    0.404741] PCCT header not found.
[    0.405549] ACPI: bus type PCI registered
[    0.406365] acpiphp: ACPI Hot Plug PCI Controller Driver version: 0.5
[    0.407669] PCI : PCI BIOS area is rw and x. Use pci=nobios if you want it NX.
[    0.409066] PCI: PCI BIOS revision 2.10 entry at 0xfda26, last bus=0
[    0.410171] PCI: Using configuration type 1 for base access
[    0.412417] ACPI: Added _OSI(Module Device)
[    0.420249] ACPI: Added _OSI(Processor Device)
[    0.421115] ACPI: Added _OSI(3.0 _SCP Extensions)
[    0.421983] ACPI: Added _OSI(Processor Aggregator Device)
[    0.423582] ACPI: Executed 1 blocks of module-level executable AML code
[    0.426930] ACPI: Interpreter enabled
[    0.427710] ACPI: (supports S0 S5)
[    0.428413] ACPI: Using IOAPIC for interrupt routing
[    0.429503] PCI: Using host bridge windows from ACPI; if necessary, use "pci=nocrs" and report a bug
[    0.434645] ACPI: PCI Root Bridge [PCI0] (domain 0000 [bus 00-ff])
[    0.445278] acpi PNP0A03:00: _OSC: OS supports [ASPM ClockPM Segments MSI]
[    0.446598] acpi PNP0A03:00: _OSC: not requesting OS control; OS requires [ExtendedConfig ASPM ClockPM MSI]
[    0.448379] acpi PNP0A03:00: fail to add MMCONFIG information, can't access extended PCI configuration space under this bridge.
[    0.450544] PCI host bridge to bus 0000:00
[    0.451355] pci_bus 0000:00: root bus resource [io  0x0000-0x0cf7 window]
[    0.452395] pci_bus 0000:00: root bus resource [io  0x0d00-0xffff window]
[    0.453441] pci_bus 0000:00: root bus resource [mem 0x000a0000-0x000bffff window]
[    0.454775] pci_bus 0000:00: root bus resource [mem 0x20000000-0xfdffffff window]
[    0.456233] pci_bus 0000:00: root bus resource [bus 00-ff]
[    0.459070] pci 0000:00:01.1: legacy IDE quirk: reg 0x10: [io  0x01f0-0x01f7]
[    0.460294] pci 0000:00:01.1: legacy IDE quirk: reg 0x14: [io  0x03f6]
[    0.461415] pci 0000:00:01.1: legacy IDE quirk: reg 0x18: [io  0x0170-0x0177]
[    0.462653] pci 0000:00:01.1: legacy IDE quirk: reg 0x1c: [io  0x0376]
[    0.473093] pci 0000:00:07.0: quirk: [io  0x4000-0x403f] claimed by PIIX4 ACPI
[    0.474582] pci 0000:00:07.0: quirk: [io  0x4100-0x410f] claimed by PIIX4 SMB
[    0.480802] ACPI: PCI Interrupt Link [LNKA] (IRQs 5 9 10 *11)
[    0.482516] ACPI: PCI Interrupt Link [LNKB] (IRQs 5 9 *10 11)
[    0.491581] ACPI: PCI Interrupt Link [LNKC] (IRQs 5 *9 10 11)
[    0.493060] ACPI: PCI Interrupt Link [LNKD] (IRQs 5 9 10 *11)
[    0.494605] ACPI: Enabled 2 GPEs in block 00 to 07
[    0.495742] vgaarb: setting as boot device: PCI:0000:00:02.0
[    0.496742] vgaarb: device added: PCI:0000:00:02.0,decodes=io+mem,owns=io+mem,locks=none
[    0.498273] vgaarb: loaded
[    0.498887] vgaarb: bridge control possible 0000:00:02.0
[    0.500081] SCSI subsystem initialized
[    0.500897] ACPI: bus type USB registered
[    0.504467] usbcore: registered new interface driver usbfs
[    0.505368] usbcore: registered new interface driver hub
[    0.506278] usbcore: registered new device driver usb
[    0.507245] PCI: Using ACPI for IRQ routing
[    0.516235] NetLabel: Initializing
[    0.516941] NetLabel:  domain hash size = 128
[    0.517768] NetLabel:  protocols = UNLABELED CIPSOv4
[    0.518707] NetLabel:  unlabeled traffic allowed by default
[    0.519813] amd_nb: Cannot enumerate AMD northbridges
[    0.520757] clocksource: Switched to clocksource kvm-clock
[    0.527436] AppArmor: AppArmor Filesystem Enabled
[    0.528309] pnp: PnP ACPI init
[    0.529474] pnp: PnP ACPI: found 3 devices
[    0.530209] PnPBIOS: Disabled by ACPI PNP
[    0.566374] clocksource: acpi_pm: mask: 0xffffff max_cycles: 0xffffff, max_idle_ns: 2085701024 ns
[    0.568093] NET: Registered protocol family 2
[    0.569120] TCP established hash table entries: 4096 (order: 2, 16384 bytes)
[    0.570307] TCP bind hash table entries: 4096 (order: 3, 32768 bytes)
[    0.571404] TCP: Hash tables configured (established 4096 bind 4096)
[    0.572414] UDP hash table entries: 256 (order: 1, 8192 bytes)
[    0.573466] UDP-Lite hash table entries: 256 (order: 1, 8192 bytes)
[    0.581500] NET: Registered protocol family 1
[    0.582338] pci 0000:00:00.0: Limiting direct PCI/PCI transfers
[    0.583391] pci 0000:00:01.0: Activating ISA DMA hang workarounds
[    0.584583] Unpacking initramfs...
[    0.867239] Freeing initrd memory: 14764K
[    0.868198] platform rtc_cmos: registered platform RTC device (no PNP device found)
[    0.869739] Scanning for low memory corruption every 60 seconds
[    0.871032] audit: initializing netlink subsys (disabled)
[    0.872016] audit: type=2000 audit(1546457851.375:1): initialized
[    0.873304] Initialise system trusted keyring
[    0.874291] HugeTLB registered 2 MB page size, pre-allocated 0 pages
[    0.876566] zbud: loaded
[    0.877317] VFS: Disk quotas dquot_6.6.0
[    0.878116] VFS: Dquot-cache hash table entries: 1024 (order 0, 4096 bytes)
[    0.879478] squashfs: version 4.0 (2009/01/31) Phillip Lougher
[    0.880731] fuse init (API version 7.23)
[    0.881718] Key type big_key registered
[    0.882496] Allocating IMA MOK and blacklist keyrings.
[    0.883621] Key type asymmetric registered
[    0.884419] Asymmetric key parser 'x509' registered
[    0.885399] bounce: pool size: 64 pages
[    0.886188] Block layer SCSI generic (bsg) driver version 0.4 loaded (major 249)
[    0.887665] io scheduler noop registered
[    0.888436] io scheduler deadline registered (default)
[    0.889466] io scheduler cfq registered
[    0.890326] pci_hotplug: PCI Hot Plug PCI Core version: 0.5
[    0.891261] pciehp: PCI Express Hot Plug Controller Driver version: 0.4
[    0.892407] ACPI: AC Adapter [AC] (on-line)
[    0.893222] input: Power Button as /devices/LNXSYSTM:00/LNXPWRBN:00/input/input0
[    0.894505] ACPI: Power Button [PWRF]
[    0.895239] input: Sleep Button as /devices/LNXSYSTM:00/LNXSLPBN:00/input/input1
[    0.896565] ACPI: Sleep Button [SLPF]
[    0.897816] ACPI: Battery Slot [BAT0] (battery present)
[    0.898710] GHES: HEST is not enabled!
[    0.899460] isapnp: Scanning for PnP cards...
[    0.905852] Serial: 8250/16550 driver, 32 ports, IRQ sharing enabled
[    0.928986] 00:02: ttyS0 at I/O 0x3f8 (irq = 4, base_baud = 115200) is a 16550A
[    0.982446] Linux agpgart interface v0.103
[    0.987488] loop: module loaded
[    0.988725] scsi host0: ata_piix
[    1.034109] scsi host1: ata_piix
[    1.034997] ata1: PATA max UDMA/33 cmd 0x1f0 ctl 0x3f6 bmdma 0xd000 irq 14
[    1.036164] ata2: PATA max UDMA/33 cmd 0x170 ctl 0x376 bmdma 0xd008 irq 15
[    1.037646] libphy: Fixed MDIO Bus: probed
[    1.038440] tun: Universal TUN/TAP device driver, 1.6
[    1.039301] tun: (C) 1999-2004 Max Krasnyansky <maxk@qualcomm.com>
[    1.040689] PPP generic driver version 2.4.2
[    1.050084] ehci_hcd: USB 2.0 'Enhanced' Host Controller (EHCI) Driver
[    1.051862] ehci-pci: EHCI PCI platform driver
[    1.053125] ehci-platform: EHCI generic platform driver
[    1.055192] ohci_hcd: USB 1.1 'Open' Host Controller (OHCI) Driver
[    1.056867] ohci-pci: OHCI PCI platform driver
[    1.058903] ohci-platform: OHCI generic platform driver
[    1.059943] uhci_hcd: USB Universal Host Controller Interface driver
[    1.061147] i8042: PNP: PS/2 Controller [PNP0303:PS2K,PNP0f03:PS2M] at 0x60,0x64 irq 1,12
[    1.063238] serio: i8042 KBD port at 0x60,0x64 irq 1
[    1.064173] serio: i8042 AUX port at 0x60,0x64 irq 12
[    1.065222] mousedev: PS/2 mouse device common for all mice
[    1.066572] input: AT Translated Set 2 keyboard as /devices/platform/i8042/serio0/input/input2
[    1.068723] rtc_cmos rtc_cmos: rtc core: registered rtc_cmos as rtc0
[    1.070058] rtc_cmos rtc_cmos: alarms up to one day, 114 bytes nvram
[    1.071262] i2c /dev entries driver
[    1.072085] device-mapper: uevent: version 1.0.3
[    1.073130] device-mapper: ioctl: 4.34.0-ioctl (2015-10-28) initialised: dm-devel@redhat.com
[    1.082159] platform eisa.0: Probing EISA bus 0
[    1.083075] platform eisa.0: EISA: Cannot allocate resource for mainboard
[    1.084209] platform eisa.0: Cannot allocate resource for EISA slot 1
[    1.129195] platform eisa.0: Cannot allocate resource for EISA slot 2
[    1.130354] platform eisa.0: Cannot allocate resource for EISA slot 3
[    1.131447] platform eisa.0: Cannot allocate resource for EISA slot 4
[    1.132552] platform eisa.0: Cannot allocate resource for EISA slot 5
[    1.133646] platform eisa.0: Cannot allocate resource for EISA slot 6
[    1.134658] platform eisa.0: Cannot allocate resource for EISA slot 7
[    1.135664] platform eisa.0: Cannot allocate resource for EISA slot 8
[    1.136675] platform eisa.0: EISA: Detected 0 cards
[    1.137639] cpufreq-nforce2: No nForce2 chipset.
[    1.138506] ledtrig-cpu: registered to indicate activity on CPUs
[    1.139655] NET: Registered protocol family 10
[    1.141082] NET: Registered protocol family 17
[    1.141944] Key type dns_resolver registered
[    1.142898] Using IPI No-Shortcut mode
[    1.143755] registered taskstats version 1
[    1.144568] Loading compiled-in X.509 certificates
[    1.148128] Loaded X.509 cert 'Build time autogenerated kernel key: 8ee7231a1e42e4b4a17d0e4b95c66ffe15d3b32e'
[    1.149974] zswap: loaded using pool lzo/zbud
[    1.152192] Key type trusted registered
[    1.199492] Key type encrypted registered
[    1.200324] AppArmor: AppArmor sha1 policy hashing enabled
[    1.201472] ima: No TPM chip found, activating TPM-bypass!
[    1.202451] ima: Allocated hash algorithm: sha1
[    1.203313] evm: HMAC attrs: 0x1
[    1.204251]   Magic number: 3:714:646
[    1.213072] scsi_host host0: hash matches
[    1.213855] scsi host0: hash matches
[    1.214636] rtc_cmos rtc_cmos: setting system clock to 2019-01-02 19:37:25 UTC (1546457845)
[    1.216284] BIOS EDD facility v0.16 2004-Jun-25, 0 devices found
[    1.217392] EDD information not available.
[    1.405848] isapnp: No Plug & Play device found
[    1.406930] Freeing unused kernel memory: 952K
[    1.407866] Write protecting the kernel text: 8056k
[    1.408792] Write protecting the kernel read-only data: 3184k
[    1.409863] NX-protecting the kernel data: 6280k
Loading, please wait...
starting version 229
[    1.423290] random: udevadm: uninitialized urandom read (16 bytes read, 2 bits of entropy available)
[    1.433361] random: systemd-udevd: uninitialized urandom read (16 bytes read, 2 bits of entropy available)
[    1.435218] random: systemd-udevd: uninitialized urandom read (16 bytes read, 2 bits of entropy available)
[    1.436978] random: systemd-udevd: uninitialized urandom read (16 bytes read, 2 bits of entropy available)
[    1.457875] random: udevadm: uninitialized urandom read (16 bytes read, 2 bits of entropy available)
[    1.459476] random: udevadm: uninitialized urandom read (16 bytes read, 2 bits of entropy available)
[    1.461105] random: udevadm: uninitialized urandom read (16 bytes read, 2 bits of entropy available)
[    1.486562] random: udevadm: uninitialized urandom read (16 bytes read, 2 bits of entropy available)
[    1.493988] random: udevadm: uninitialized urandom read (16 bytes read, 2 bits of entropy available)
[    1.495794] random: udevadm: uninitialized urandom read (16 bytes read, 2 bits of entropy available)
[    1.552279] e1000: Intel(R) PRO/1000 Network Driver - version 7.3.21-k8-NAPI
[    1.553425] e1000: Copyright (c) 1999-2006 Intel Corporation.
[    1.556526] Fusion MPT base driver 3.04.20
[    1.557405] Copyright (c) 1999-2008 LSI Corporation
[    1.604701] Fusion MPT SPI Host driver 3.04.20
[    1.766437] input: ImExPS/2 Generic Explorer Mouse as /devices/platform/i8042/serio1/input/input4
[    1.868681] tsc: Refined TSC clocksource calibration: 2904.374 MHz
[    1.876630] clocksource: tsc: mask: 0xffffffffffffffff max_cycles: 0x29dd674b0dd, max_idle_ns: 440795316445 ns
[    1.960609] e1000 0000:00:03.0 eth0: (PCI:33MHz:32-bit) 02:56:b4:c1:af:19
[    1.961736] e1000 0000:00:03.0 eth0: Intel(R) PRO/1000 Network Connection
[    1.963235] mptbase: ioc0: Initiating bringup
[    2.025511] ioc0: LSI53C1030 A0: Capabilities={Initiator}
[    2.186144] scsi host2: ioc0: LSI53C1030 A0, FwRev=00000000h, Ports=1, MaxQ=256, IRQ=20
[    2.298785] scsi 2:0:0:0: Direct-Access     VBOX     HARDDISK         1.0  PQ: 0 ANSI: 5
[    2.300316] scsi target2:0:0: Beginning Domain Validation
[    2.301967] scsi target2:0:0: Domain Validation skipping write tests
[    2.303063] scsi target2:0:0: Ending Domain Validation
[    2.303976] scsi target2:0:0: asynchronous
[    2.304964] scsi 2:0:1:0: Direct-Access     VBOX     HARDDISK         1.0  PQ: 0 ANSI: 5
[    2.306488] scsi target2:0:1: Beginning Domain Validation
[    2.308116] scsi target2:0:1: Domain Validation skipping write tests
[    2.309243] scsi target2:0:1: Ending Domain Validation
[    2.310236] scsi target2:0:1: asynchronous
[    2.313865] sd 2:0:0:0: Attached scsi generic sg0 type 0
[    2.314863] sd 2:0:0:0: [sda] 20971520 512-byte logical blocks: (10.7 GB/10.0 GiB)
[    2.316879] sd 2:0:1:0: [sdb] 20480 512-byte logical blocks: (10.5 MB/10.0 MiB)
[    2.318495] sd 2:0:1:0: Attached scsi generic sg1 type 0
[    2.319639] sd 2:0:1:0: [sdb] Write Protect is off
[    2.320554] sd 2:0:0:0: [sda] Write Protect is off
[    2.321559] sd 2:0:1:0: [sdb] Incomplete mode parameter data
[    2.322522] sd 2:0:1:0: [sdb] Assuming drive cache: write through
[    2.323544] sd 2:0:0:0: [sda] Incomplete mode parameter data
[    2.324614] sd 2:0:0:0: [sda] Assuming drive cache: write through
[    2.351056]  sda: sda1
[    2.352132] sd 2:0:0:0: [sda] Attached SCSI disk
[    2.374441] sd 2:0:1:0: [sdb] Attached SCSI disk
[    2.669537] e1000 0000:00:08.0 eth1: (PCI:33MHz:32-bit) 08:00:27:c0:0e:d9
[    2.670711] e1000 0000:00:08.0 eth1: Intel(R) PRO/1000 Network Connection
[    2.672685] e1000 0000:00:03.0 enp0s3: renamed from eth0
[    2.674963] e1000 0000:00:08.0 enp0s8: renamed from eth1
Begin: Loading essential drivers ... [    3.966919] md: linear personality registered for level -1
[    3.971942] md: multipath personality registered for level -4
[    3.977837] md: raid0 personality registered for level 0
[    3.984393] md: raid1 personality registered for level 1
[    4.061286] raid6: mmxx1    gen()  4293 MB/s
[    4.129096] raid6: mmxx2    gen()  5519 MB/s
[    4.196919] raid6: sse1x1   gen()  4591 MB/s
[    4.265247] raid6: sse1x2   gen()  4456 MB/s
[    4.333077] raid6: sse2x1   gen()  8133 MB/s
[    4.400882] raid6: sse2x1   xor()  4923 MB/s
[    4.469219] raid6: sse2x2   gen()  8781 MB/s
[    4.537092] raid6: sse2x2   xor()  6598 MB/s
[    4.604878] raid6: avx2x1   gen() 11813 MB/s
[    4.673208] raid6: avx2x2   gen() 16469 MB/s
[    4.674057] raid6: using algorithm avx2x2 gen() 16469 MB/s
[    4.675031] raid6: using avx2x1 recovery algorithm
[    4.679906] xor: automatically using best checksumming function:
[    4.717113]    avx       : 24661.000 MB/sec
[    4.721515] async_tx: api initialized (async)
[    4.741357] md: raid6 personality registered for level 6
[    4.744235] md: raid5 personality registered for level 5
[    4.745142] md: raid4 personality registered for level 4
[    4.751805] md: raid10 personality registered for level 10
done.
Begin: Running /scripts/init-premount ... done.
Begin: Mounting root file system ... Begin: Running /scripts/local-top ... done.
Begin: Running /scripts/local-premount ... [    4.797705] Btrfs loaded
Scanning for Btrfs filesystems
done.
Warning: fsck not present, so skipping root file system
[    4.824851] EXT4-fs (sda1): INFO: recovery required on readonly filesystem
[    4.826009] EXT4-fs (sda1): write access will be enabled during recovery
[    5.556683] random: nonblocking pool is initialized
[    5.579770] EXT4-fs (sda1): orphan cleanup on readonly fs
[    5.645856] EXT4-fs (sda1): 16 orphan inodes deleted
[    5.648227] EXT4-fs (sda1): recovery complete
[    5.649766] EXT4-fs (sda1): mounted filesystem with ordered data mode. Opts: (null)
done.
Begin: Running /scripts/local-bottom ... done.
Begin: Running /scripts/init-bottom ... done.
[    6.206441] systemd[1]: systemd 229 running in system mode. (+PAM +AUDIT +SELINUX +IMA +APPARMOR +SMACK +SYSVINIT +UTMP +LIBCRYPTSETUP +GCRYPT +GNUTLS +ACL +XZ -LZ4 +SECCOMP +BLKID +ELFUTILS +KMOD -IDN)
[    6.209359] systemd[1]: Detected virtualization oracle.
[    6.210323] systemd[1]: Detected architecture x86.

Welcome to [1mUbuntu 16.04.5 LTS[0m!

[    6.255631] systemd[1]: Set hostname to <kouosl>.
[    6.925812] systemd[1]: Reached target User and Group Name Lookups.
[[0;32m  OK  [0m] Reached target User and Group Name Lookups.
[    6.928641] systemd[1]: Listening on Journal Socket (/dev/log).
[[0;32m  OK  [0m] Listening on Journal Socket (/dev/log).
[    6.931896] systemd[1]: Listening on udev Control Socket.
[[0;32m  OK  [0m] Listening on udev Control Socket.
[    6.935041] systemd[1]: Set up automount Arbitrary Executable File Formats File System Automount Point.
[[0;32m  OK  [0m] Set up automount Arbitrary Executab...ats File System Automount Point.
[    6.938710] systemd[1]: Listening on /dev/initctl Compatibility Named Pipe.
[[0;32m  OK  [0m] Listening on /dev/initctl Compatibility Named Pipe.
[    6.941290] systemd[1]: Listening on udev Kernel Socket.
[[0;32m  OK  [0m] Listening on udev Kernel Socket.
[    6.950553] systemd[1]: Listening on Syslog Socket.
[[0;32m  OK  [0m] Listening on Syslog Socket.
[    6.952746] systemd[1]: Listening on Journal Audit Socket.
[[0;32m  OK  [0m] Listening on Journal Audit Socket.
[    6.955074] systemd[1]: Started Trigger resolvconf update for networkd DNS.
[[0;32m  OK  [0m] Started Trigger resolvconf update for networkd DNS.
[    6.957666] systemd[1]: Reached target System Time Synchronized.
[[0;32m  OK  [0m] Reached target System Time Synchronized.
[    6.960057] systemd[1]: Started Forward Password Requests to Wall Directory Watch.
[[0;32m  OK  [0m] Started Forward Password Requests to Wall Directory Watch.
[    6.963044] systemd[1]: Listening on LVM2 metadata daemon socket.
[[0;32m  OK  [0m] Listening on LVM2 metadata daemon socket.
[    6.965450] systemd[1]: Reached target Swap.
[[0;32m  OK  [0m] Reached target Swap.
[    6.967701] systemd[1]: Created slice System Slice.
[[0;32m  OK  [0m] Created slice System Slice.
[    6.970008] systemd[1]: Created slice system-serial\x2dgetty.slice.
[[0;32m  OK  [0m] Created slice system-serial\x2dgetty.slice.
[    6.972262] systemd[1]: Listening on LVM2 poll daemon socket.
[[0;32m  OK  [0m] Listening on LVM2 poll daemon socket.
[    6.974871] systemd[1]: Created slice User and Session Slice.
[[0;32m  OK  [0m] Created slice User and Session Slice.
[    6.977209] systemd[1]: Reached target Slices.
[[0;32m  OK  [0m] Reached target Slices.
[    6.979261] systemd[1]: Listening on Journal Socket.
[[0;32m  OK  [0m] Listening on Journal Socket.
[    6.981877] systemd[1]: Starting Create list of required static device nodes for the current kernel...
         Starting Create list of required st... nodes for the current kernel...
[    7.023256] systemd[1]: Starting Load Kernel Modules...
         Starting Load Kernel Modules...
[    7.025543] systemd[1]: Starting Remount Root and Kernel File Systems...
         Starting Remount Root and Kernel File Systems...
[    7.029053] systemd[1]: Mounting Debug File System...
         Mounting Debug File System...
[    7.031542] systemd[1]: Starting Journal Service...
         Starting Journal Service...
[    7.059364] systemd[1]: Starting Set console keymap...
         Starting Set console keymap...
[    7.072081] systemd[1]: Mounting POSIX Message Queue File System...
         Mounting POSIX Message Queue File System...
[    7.076877] systemd[1]: Starting Nameserver information manager...
         Starting Nameserver information manager...
[    7.089389] systemd[1]: Starting Uncomplicated firewall...
         Starting Uncomplicated firewall...
[    7.092201] systemd[1]: Reached target Encrypted Volumes.
[[0;32m  OK  [0m] Reached target Encrypted Volumes.
[    7.095422] systemd[1]: Listening on Device-mapper event daemon FIFOs.
[[0;32m  OK  [0m] Listening on Device-mapper event daemon FIFOs.
[    7.098456] systemd[1]: Starting Monitoring of LVM2 mirrors, snapshots etc. using dmeventd or progress polling...
         Starting Monitoring of LVM2 mirrors... dmeventd or progress polling...
[    7.103329] systemd[1]: Mounting Huge Pages File System...
[    7.120118] Loading iSCSI transport class v2.0-870.
         Mounting Huge Pages File System...
[    7.125195] systemd[1]: Started Create list of required static device nodes for the current kernel.
[[0;32m  OK  [0m] Started Create list of required sta...ce nodes for the current kernel.
[    7.161692] systemd[1]: Started Uncomplicated firewall.
[[0;32m  OK  [0m] Started Uncomplicated firewall.
[    7.187665] systemd[1]: Starting Create Static Device Nodes in /dev...
         Starting Create Static Device Nodes in /dev...
[    7.209767] iscsi: registered transport (tcp)
[    7.286381] systemd[1]: Started Journal Service.
[[0;32m  OK  [0m] Started Journal Service.
[[0;32m  OK  [0m] Mounted Huge Pages File System.
[[0;32m  OK  [0m] Mounted Debug File System.
[    7.388011] EXT4-fs (sda1): re-mounted. Opts: (null)
[[0;32m  OK  [0m] Mounted POSIX Message Queue File System.
[[0;32m  OK  [0m] Started Remount Root and Kernel File Systems.
[[0;32m  OK  [0m] Started Nameserver information manager.
         Starting Load/Save Random Seed...
         Starting udev Coldplug all Devices...
         Starting Flush Journal to Persistent Storage...
[[0;32m  OK  [0m] Started LVM2 metadata daemon.
[[0;32m  OK  [0m] Started Load/Save Random Seed.[    7.493371] iscsi: registered transport (iser)

[[0;32m  OK  [0m] Started Load Kernel Modules.
         Mounting FUSE Control File System...
         Starting Apply Kernel Variables...
[[0;32m  OK  [0m] Mounted FUSE Control File System.
[[0;32m  OK  [0m] Started Create Static Device Nodes in /dev.
[    7.547647] systemd-journald[386]: Received request to flush runtime journal from PID 1
[[0;32m  OK  [0m] Started Flush Journal to Persistent Storage.
         Starting udev Kernel Device Manager...
[[0;32m  OK  [0m] Started Apply Kernel Variables.
[[0;32m  OK  [0m] Started Set console keymap.
[[0;32m  OK  [0m] Started udev Coldplug all Devices.
[[0;32m  OK  [0m] Started Monitoring of LVM2 mirrors,...ng dmeventd or progress polling.
[[0;32m  OK  [0m] Reached target Local File Systems (Pre).
[[0;32m  OK  [0m] Reached target Local File Systems.
         Starting Set console font and keymap...
         Starting Create Volatile Files and Directories...
         Starting Tell Plymouth To Write Out Runtime Data...
         Starting Initial cloud-init job (pre-networking)...
         Starting LSB: AppArmor initialization...
[[0;32m  OK  [0m] Started udev Kernel Device Manager.
[[0;32m  OK  [0m] Started Tell Plymouth To Write Out Runtime Data.
[[0;32m  OK  [0m] Started Dispatch Password Requests to Console Directory Watch.
[[0;32m  OK  [0m] Started Create Volatile Files and Directories.
         Starting Update UTMP about System Boot/Shutdown...
[[0;32m  OK  [0m] Started Update UTMP about System Boot/Shutdown.
[[0;32m  OK  [0m] Found device /dev/ttyS0.
[[0;32m  OK  [0m] Listening on Load/Save RF Kill Switch Status /dev/rfkill Watch.
[[0;32m  OK  [0m] Found device 82540EM Gigabit Ethern...r (PRO/1000 MT Desktop Adapter).
[[0;32m  OK  [0m] Found device 82540EM Gigabit Ethern...r (PRO/1000 MT Desktop Adapter).
[[0;32m  OK  [0m] Started LSB: AppArmor initialization.
[[0;32m  OK  [0m] Started Set console font and keymap.
[[0;32m  OK  [0m] Created slice system-getty.slice.
[   10.932575] cloud-init[498]: Cloud-init v. 18.4-0ubuntu1~16.04.2 running 'init-local' at Wed, 02 Jan 2019 19:37:34 +0000. Up 10.34 seconds.
[[0;32m  OK  [0m] Started Initial cloud-init job (pre-networking).
[[0;32m  OK  [0m] Reached target Network (Pre).
[[0;32m  OK  [0m] Started ifup for enp0s8.
[[0;32m  OK  [0m] Started ifup for enp0s3.
         Starting Raise network interfaces...
[[0;32m  OK  [0m] Started Raise network interfaces.
[[0;32m  OK  [0m] Reached target Network.
         Starting Initial cloud-init job (metadata service crawler)...
[   12.318289] cloud-init[1082]: Cloud-init v. 18.4-0ubuntu1~16.04.2 running 'init' at Wed, 02 Jan 2019 19:37:36 +0000. Up 11.63 seconds.
[   12.321730] cloud-init[1082]: ci-info: ++++++++++++++++++++++++++++++++++++++Net device info++++++++++++++++++++++++++++++++++++++
[   12.323727] cloud-init[1082]: ci-info: +--------+------+----------------------------+---------------+--------+-------------------+
[   12.328226] cloud-init[1082]: ci-info: | Device |  Up  |          Address           |      Mask     | Scope  |     Hw-Address    |
[   12.330210] cloud-init[1082]: ci-info: +--------+------+----------------------------+---------------+--------+-------------------+
[   12.336314] cloud-init[1082]: ci-info: | enp0s3 | True |         10.0.2.15          | 255.255.255.0 | global | 02:56:b4:c1:af:19 |
[   12.339481] cloud-init[1082]: ci-info: | enp0s3 | True | fe80::56:b4ff:fec1:af19/64 |       .       |  link  | 02:56:b4:c1:af:19 |
[   12.344259] cloud-init[1082]: ci-info: | enp0s8 | True |       192.168.83.137       | 255.255.255.0 | global | 08:00:27:c0:0e:d9 |
[   12.346328] cloud-init[1082]: ci-info: | enp0s8 | True | fe80::a00:27ff:fec0:ed9/64 |       .       |  link  | 08:00:27:c0:0e:d9 |
[   12.352623] cloud-init[1082]: ci-info: |   lo   | True |         127.0.0.1          |   255.0.0.0   |  host  |         .         |
[   12.354737] cloud-init[1082]: ci-info: |   lo   | True |          ::1/128           |       .       |  host  |         .         |
[   12.360556] cloud-init[1082]: ci-info: +--------+------+----------------------------+---------------+--------+-------------------+
[   12.362459] cloud-init[1082]: ci-info: ++++++++++++++++++++++++++++Route IPv4 info++++++++++++++++++++++++++++
[   12.368246] cloud-init[1082]: ci-info: +-------+--------------+----------+---------------+-----------+-------+
[   12.385977] cloud-init[1082]: ci-info: | Route | Destination  | Gateway  |    Genmask    | Interface | Flags |
[[0;32m  OK  [0m] Started Initial cloud-init job (metadata service crawler).
[[0;32m  OK  [0m] Reached target Cloud-config availability.[   12.392383] cloud-init[1082]: ci-info: +-------+--------------+----------+---------------+-----------+-------+
[   12.393742] cloud-init[1082]: ci-info: |   0   |   0.0.0.0    | 10.0.2.2 |    0.0.0.0    |   enp0s3  |   UG  |
[   12.395090] cloud-init[1082]: ci-info: |   1   |   10.0.2.0   | 0.0.0.0  | 255.255.255.0 |   enp0s3  |   U   |
[[0;32m  OK  [0m] Reached target Network is Online.
         Starting iSCSI initiator daemon (iscsid)...
[[0;32m  OK  [0m] Reached target System Initialization.

[   12.399928] cloud-init[1082]: ci-info: |   2   | 192.168.83.0 | 0.0.0.0  | 255.255.255.0 |   enp0s8  |   U   |
[   12.402323] cloud-init[1082]: ci-info: +-------+--------------+----------+---------------+-----------+-------+
[   12.404118] cloud-init[1082]: ci-info: +++++++++++++++++++Route IPv6 info+++++++++++++++++++
[   12.406719] cloud-init[1082]: ci-info: +-------+-------------+---------+-----------+-------+
[   12.409111] cloud-init[1082]: ci-info: | Route | Destination | Gateway | Interface | Flags |         Starting LXD - unix socket.
[[0;32m  OK  [0m] Started Daily Cleanup of Temporary Directories.

[   12.417815] cloud-init[1082]: ci-info: +-------+-------------+---------+-----------+-------+
[   12.419448] cloud-init[1082]: ci-info: |   0   |  fe80::/64  |    ::   |   enp0s8  |   U   |
[   12.421140] cloud-init[1082]: ci-info: |   1   |  fe80::/64  |    ::   |   enp0s3  |   U   |
[   12.422732] cloud-init[1082]: ci-info: |   4   |   ff00::/8  |    ::   |   enp0s8  |   U   |
[   12.426513] cloud-init[1082]: ci-info: |   5   |   ff00::/8  |    ::   |   enp0s3  |   U   |
[   12.428202] cloud-init[1082]: ci-info: +-------+-------------+---------+-----------+-------+
[[0;32m  OK  [0m] Started Daily apt download activities.
[[0;32m  OK  [0m] Started Daily apt upgrade and clean activities.
[[0;32m  OK  [0m] Reached target Timers.
         Starting Socket activation for snappy daemon.
[[0;32m  OK  [0m] Started ACPI Events Check.
[[0;32m  OK  [0m] Reached target Paths.
[[0;32m  OK  [0m] Listening on ACPID Listen Socket.
[[0;32m  OK  [0m] Listening on D-Bus System Message Bus Socket.
[[0;32m  OK  [0m] Listening on UUID daemon activation socket.
[[0;32m  OK  [0m] Listening on LXD - unix socket.
[[0;32m  OK  [0m] Listening on Socket activation for snappy daemon.
[[0;32m  OK  [0m] Reached target Sockets.
[[0;32m  OK  [0m] Reached target Basic System.
[[0;32m  OK  [0m] Started Deferred execution scheduler.
[[0;32m  OK  [0m] Started Regular background program processing daemon.
         Starting Accounts Service...
         Starting LSB: Record successful boot for GRUB...
[[0;32m  OK  [0m] Started ACPI event daemon.
         Starting Login Service...
[[0;32m  OK  [0m] Started FUSE filesystem for LXC.
[[0;32m  OK  [0m] Started Unattended Upgrades Shutdown.
         Starting System Logging Service...
[[0;32m  OK  [0m] Started D-Bus System Message Bus.
         Starting LSB: MD monitoring daemon...
         Starting /etc/rc.local Compatibility...
         Starting OpenBSD Secure Shell server...
         Starting Virtualbox guest utils...
         Starting Snappy daemon...
         Starting LXD - container startup/shutdown...
[[0;32m  OK  [0m] Started System Logging Service.
[[0;32m  OK  [0m] Started iSCSI initiator daemon (iscsid).
[[0;32m  OK  [0m] Started /etc/rc.local Compatibility.
[[0;32m  OK  [0m] Started Login Service.
         Starting Login to default iSCSI targets...
         Starting Authenticate and Authorize Users to Run Privileged Tasks...
[[0;32m  OK  [0m] Started Login to default iSCSI targets.
[[0;32m  OK  [0m] Reached target Remote File Systems (Pre).
[[0;32m  OK  [0m] Reached target Remote File Systems.
         Starting LSB: Set the CPU Frequency Scaling governor to "ondemand"...
         Starting Permit User Sessions...
         Starting LSB: automatic crash report generation...
         Starting LSB: Apache2 web server...
         Starting LSB: daemon to balance interrupts for SMP systems...
         Starting LSB: Start and stop the mysql database server daemon...
[[0;32m  OK  [0m] Started LSB: Set the CPU Frequency Scaling governor to "ondemand".
[[0;32m  OK  [0m] Started LSB: Record successful boot for GRUB.
[[0;32m  OK  [0m] Started Permit User Sessions.
         Starting Hold until boot process finishes up...
         Starting Terminate Plymouth Boot Screen...
[[0;32m  OK  [0m] Started Hold until boot process finishes up.
[[0;32m  OK  [0m] Started Terminate Plymouth Boot Screen.
[[0;32m  OK  [0m] Started Getty on tty1.
         Starting Set console scheme...
[[0;32m  OK  [0m] Started Serial Getty on ttyS0.
[[0;32m  OK  [0m] Reached target Login Prompts.
[[0;32m  OK  [0m] Started LSB: daemon to balance interrupts for SMP systems.
[[0;32m  OK  [0m] Started LSB: automatic crash report generation.
[[0;32m  OK  [0m] Started Set console scheme.
[[0;32m  OK  [0m] Started Authenticate and Authorize Users to Run Privileged Tasks.
[[0;32m  OK  [0m] Started Accounts Service.
[[0;32m  OK  [0m] Started LSB: MD monitoring daemon.
[[0;32m  OK  [0m] Started OpenBSD Secure Shell server.
[[0;32m  OK  [0m] Started Virtualbox guest utils.
[[0;32m  OK  [0m] Started LXD - container startup/shutdown.
[[0;32m  OK  [0m] Started Snappy daemon.
         Starting Wait until snapd is fully seeded...
[[0;32m  OK  [0m] Started Wait until snapd is fully seeded.
         Starting Apply the settings specified in cloud-config...
[   17.832303] cloud-init[1480]: Cloud-init v. 18.4-0ubuntu1~16.04.2 running 'modules:config' at Wed, 02 Jan 2019 19:37:42 +0000. Up 17.46 seconds.
[[0;32m  OK  [0m] Started Apply the settings specified in cloud-config.

Ubuntu 16.04.5 LTS kouosl ttyS0

kouosl login: [   22.720620] cloud-init[1806]: Cloud-init v. 18.4-0ubuntu1~16.04.2 running 'modules:final' at Wed, 02 Jan 2019 19:37:47 +0000. Up 22.40 seconds.
[   22.722548] cloud-init[1806]: Cloud-init v. 18.4-0ubuntu1~16.04.2 finished at Wed, 02 Jan 2019 19:37:47 +0000. Datasource DataSourceNoCloud [seed=/dev/sdb][dsmode=net].  Up 22.71 seconds
